c:\users\alessandro_cinque\desktop\rest_in_hell\rest_in_hell\debug\vc141.pdb
c:\users\alessandro_cinque\desktop\rest_in_hell\rest_in_hell\debug\vc141.idb
c:\users\alessandro_cinque\desktop\rest_in_hell\rest_in_hell\debug\wall.obj
c:\users\alessandro_cinque\desktop\rest_in_hell\rest_in_hell\debug\texture.obj
c:\users\alessandro_cinque\desktop\rest_in_hell\rest_in_hell\debug\text.obj
c:\users\alessandro_cinque\desktop\rest_in_hell\rest_in_hell\debug\sprite.obj
c:\users\alessandro_cinque\desktop\rest_in_hell\rest_in_hell\debug\skybox.obj
c:\users\alessandro_cinque\desktop\rest_in_hell\rest_in_hell\debug\shadermanager.obj
c:\users\alessandro_cinque\desktop\rest_in_hell\rest_in_hell\debug\screenmanager.obj
c:\users\alessandro_cinque\desktop\rest_in_hell\rest_in_hell\debug\quad.obj
c:\users\alessandro_cinque\desktop\rest_in_hell\rest_in_hell\debug\model.obj
c:\users\alessandro_cinque\desktop\rest_in_hell\rest_in_hell\debug\main.obj
c:\users\alessandro_cinque\desktop\rest_in_hell\rest_in_hell\debug\light.obj
c:\users\alessandro_cinque\desktop\rest_in_hell\rest_in_hell\debug\interactions.obj
c:\users\alessandro_cinque\desktop\rest_in_hell\rest_in_hell\debug\inputmanager.obj
c:\users\alessandro_cinque\desktop\rest_in_hell\rest_in_hell\debug\camera.obj
c:\users\alessandro_cinque\desktop\rest_in_hell\debug\w26 lightdone.exe
c:\users\alessandro_cinque\desktop\rest_in_hell\debug\w26 lightdone.ilk
c:\users\alessandro_cinque\desktop\rest_in_hell\debug\w26 lightdone.pdb
c:\users\alessandro_cinque\desktop\rest_in_hell\rest_in_hell\debug\axe.obj
c:\users\alessandro_cinque\desktop\rest_in_hell\rest_in_hell\debug\cube.obj
c:\users\alessandro_cinque\desktop\rest_in_hell\rest_in_hell\debug\grid.obj
c:\users\alessandro_cinque\desktop\rest_in_hell\rest_in_hell\debug\w26 lightdone.tlog\cl.command.1.tlog
c:\users\alessandro_cinque\desktop\rest_in_hell\rest_in_hell\debug\w26 lightdone.tlog\cl.read.1.tlog
c:\users\alessandro_cinque\desktop\rest_in_hell\rest_in_hell\debug\w26 lightdone.tlog\cl.write.1.tlog
c:\users\alessandro_cinque\desktop\rest_in_hell\rest_in_hell\debug\w26 lightdone.tlog\link.command.1.tlog
c:\users\alessandro_cinque\desktop\rest_in_hell\rest_in_hell\debug\w26 lightdone.tlog\link.read.1.tlog
c:\users\alessandro_cinque\desktop\rest_in_hell\rest_in_hell\debug\w26 lightdone.tlog\link.write.1.tlog
