c:\users\alessandro_cinque\desktop\rest_in_hell\rest_in_hell\release\vc141.pdb
c:\users\alessandro_cinque\desktop\rest_in_hell\rest_in_hell\release\wall.obj
c:\users\alessandro_cinque\desktop\rest_in_hell\rest_in_hell\release\texture.obj
c:\users\alessandro_cinque\desktop\rest_in_hell\rest_in_hell\release\text.obj
c:\users\alessandro_cinque\desktop\rest_in_hell\rest_in_hell\release\sprite.obj
c:\users\alessandro_cinque\desktop\rest_in_hell\rest_in_hell\release\skybox.obj
c:\users\alessandro_cinque\desktop\rest_in_hell\rest_in_hell\release\shadermanager.obj
c:\users\alessandro_cinque\desktop\rest_in_hell\rest_in_hell\release\screenmanager.obj
c:\users\alessandro_cinque\desktop\rest_in_hell\rest_in_hell\release\quad.obj
c:\users\alessandro_cinque\desktop\rest_in_hell\rest_in_hell\release\model.obj
c:\users\alessandro_cinque\desktop\rest_in_hell\rest_in_hell\release\main.obj
c:\users\alessandro_cinque\desktop\rest_in_hell\rest_in_hell\release\light.obj
c:\users\alessandro_cinque\desktop\rest_in_hell\rest_in_hell\release\interactions.obj
c:\users\alessandro_cinque\desktop\rest_in_hell\rest_in_hell\release\inputmanager.obj
c:\users\alessandro_cinque\desktop\rest_in_hell\rest_in_hell\release\camera.obj
c:\users\alessandro_cinque\desktop\rest_in_hell\release\w26 lightdone.exe
c:\users\alessandro_cinque\desktop\rest_in_hell\release\w26 lightdone.pdb
c:\users\alessandro_cinque\desktop\rest_in_hell\release\w26 lightdone.ipdb
c:\users\alessandro_cinque\desktop\rest_in_hell\release\w26 lightdone.iobj
c:\users\alessandro_cinque\desktop\rest_in_hell\rest_in_hell\release\w26 lightdone.tlog\cl.command.1.tlog
c:\users\alessandro_cinque\desktop\rest_in_hell\rest_in_hell\release\w26 lightdone.tlog\cl.read.1.tlog
c:\users\alessandro_cinque\desktop\rest_in_hell\rest_in_hell\release\w26 lightdone.tlog\cl.write.1.tlog
c:\users\alessandro_cinque\desktop\rest_in_hell\rest_in_hell\release\w26 lightdone.tlog\link.command.1.tlog
c:\users\alessandro_cinque\desktop\rest_in_hell\rest_in_hell\release\w26 lightdone.tlog\link.read.1.tlog
c:\users\alessandro_cinque\desktop\rest_in_hell\rest_in_hell\release\w26 lightdone.tlog\link.write.1.tlog
c:\users\alessandro_cinque\desktop\rest_in_hell\rest_in_hell\release\w26 lightdone.tlog\w26 lightdone.write.1u.tlog
